<?xml version="1.0" encoding="UTF-8"?>
<testsuite name="APIValidation"
           tests="1"
           failures="1"
           errors="0"
           skipped="0"
           time="0.763">
  <properties />
            <testcase name="autheticationByUserIDAndPassword" time="0.763" classname="com.org.BasicAuthenticationValidation.BasicAutheticationByUserIDAndPassword">
                <failure type="java.net.UnknownHostException"
                  message="restapi.demoqa.com: unknown error"
              >
<![CDATA[java.net.UnknownHostException: restapi.demoqa.com: unknown error
  java.net.Inet6AddressImpl.lookupAllHostAddr(Native Method)
  java.net.InetAddress$2.lookupAllHostAddr(InetAddress.java:928)
  java.net.InetAddress.getAddressesFromNameService(InetAddress.java:1323)
  java.net.InetAddress.getAllByName0(InetAddress.java:1276)
  java.net.InetAddress.getAllByName(InetAddress.java:1192)
  java.net.InetAddress.getAllByName(InetAddress.java:1126)
  org.apache.http.impl.conn.SystemDefaultDnsResolver.resolve(SystemDefaultDnsResolver.java:45)
  org.apache.http.impl.conn.DefaultClientConnectionOperator.resolveHostname(DefaultClientConnectionOperator.java:259)
  org.apache.http.impl.conn.DefaultClientConnectionOperator.openConnection(DefaultClientConnectionOperator.java:159)
  org.apache.http.impl.conn.ManagedClientConnectionImpl.open(ManagedClientConnectionImpl.java:304)
  org.apache.http.impl.client.DefaultRequestDirector.tryConnect(DefaultRequestDirector.java:611)
  org.apache.http.impl.client.DefaultRequestDirector.execute(DefaultRequestDirector.java:446)
  org.apache.http.impl.client.AbstractHttpClient.doExecute(AbstractHttpClient.java:882)
  org.apache.http.impl.client.CloseableHttpClient.execute(CloseableHttpClient.java:82)
  org.apache.http.impl.client.CloseableHttpClient.execute(CloseableHttpClient.java:55)
  org.apache.http.client.HttpClient$execute$0.call(Unknown Source)
  org.codehaus.groovy.runtime.callsite.CallSiteArray.defaultCall(CallSiteArray.java:48)
  org.codehaus.groovy.runtime.callsite.AbstractCallSite.call(AbstractCallSite.java:113)
  org.codehaus.groovy.runtime.callsite.AbstractCallSite.call(AbstractCallSite.java:133)
  io.restassured.internal.RequestSpecificationImpl$RestAssuredHttpBuilder.doRequest(RequestSpecificationImpl.groovy:2128)
  io.restassured.internal.http.HTTPBuilder.doRequest(HTTPBuilder.java:494)
  io.restassured.internal.http.HTTPBuilder.request(HTTPBuilder.java:451)
  io.restassured.internal.http.HTTPBuilder$request$2.call(Unknown Source)
  org.codehaus.groovy.runtime.callsite.CallSiteArray.defaultCall(CallSiteArray.java:48)
  org.codehaus.groovy.runtime.callsite.AbstractCallSite.call(AbstractCallSite.java:113)
  org.codehaus.groovy.runtime.callsite.AbstractCallSite.call(AbstractCallSite.java:141)
  io.restassured.internal.RequestSpecificationImpl.sendHttpRequest(RequestSpecificationImpl.groovy:1531)
  sun.reflect.NativeMethodAccessorImpl.invoke0(Native Method)
  sun.reflect.NativeMethodAccessorImpl.invoke(NativeMethodAccessorImpl.java:62)
  sun.reflect.DelegatingMethodAccessorImpl.invoke(DelegatingMethodAccessorImpl.java:43)
  java.lang.reflect.Method.invoke(Method.java:497)
  org.codehaus.groovy.reflection.CachedMethod.invoke(CachedMethod.java:93)
  groovy.lang.MetaMethod.doMethodInvoke(MetaMethod.java:325)
  groovy.lang.MetaClassImpl.invokeMethod(MetaClassImpl.java:1210)
  groovy.lang.MetaClassImpl.invokeMethod(MetaClassImpl.java:1019)
  groovy.lang.MetaClassImpl.invokeMethod(MetaClassImpl.java:810)
  io.restassured.internal.RequestSpecificationImpl.invokeMethod(RequestSpecificationImpl.groovy)
  org.codehaus.groovy.runtime.callsite.PogoInterceptableSite.call(PogoInterceptableSite.java:48)
  org.codehaus.groovy.runtime.callsite.PogoInterceptableSite.callCurrent(PogoInterceptableSite.java:58)
  org.codehaus.groovy.runtime.callsite.CallSiteArray.defaultCallCurrent(CallSiteArray.java:52)
  org.codehaus.groovy.runtime.callsite.AbstractCallSite.callCurrent(AbstractCallSite.java:154)
  io.restassured.internal.RequestSpecificationImpl.sendRequest(RequestSpecificationImpl.groovy:1290)
  sun.reflect.NativeMethodAccessorImpl.invoke0(Native Method)
  sun.reflect.NativeMethodAccessorImpl.invoke(NativeMethodAccessorImpl.java:62)
  sun.reflect.DelegatingMethodAccessorImpl.invoke(DelegatingMethodAccessorImpl.java:43)
  java.lang.reflect.Method.invoke(Method.java:497)
  org.codehaus.groovy.reflection.CachedMethod.invoke(CachedMethod.java:93)
  groovy.lang.MetaMethod.doMethodInvoke(MetaMethod.java:325)
  groovy.lang.MetaClassImpl.invokeMethod(MetaClassImpl.java:1210)
  groovy.lang.MetaClassImpl.invokeMethod(MetaClassImpl.java:1019)
  groovy.lang.MetaClassImpl.invokeMethod(MetaClassImpl.java:810)
  io.restassured.internal.RequestSpecificationImpl.invokeMethod(RequestSpecificationImpl.groovy)
  org.codehaus.groovy.runtime.callsite.PogoInterceptableSite.call(PogoInterceptableSite.java:48)
  org.codehaus.groovy.runtime.callsite.CallSiteArray.defaultCall(CallSiteArray.java:48)
  org.codehaus.groovy.runtime.callsite.AbstractCallSite.call(AbstractCallSite.java:113)
  org.codehaus.groovy.runtime.callsite.AbstractCallSite.call(AbstractCallSite.java:149)
  io.restassured.internal.filter.SendRequestFilter.filter(SendRequestFilter.groovy:30)
  io.restassured.filter.Filter$filter$0.call(Unknown Source)
  org.codehaus.groovy.runtime.callsite.CallSiteArray.defaultCall(CallSiteArray.java:48)
  io.restassured.filter.Filter$filter.call(Unknown Source)
  io.restassured.internal.filter.FilterContextImpl.next(FilterContextImpl.groovy:72)
  io.restassured.filter.time.TimingFilter.filter(TimingFilter.java:56)
  io.restassured.filter.Filter$filter.call(Unknown Source)
  org.codehaus.groovy.runtime.callsite.CallSiteArray.defaultCall(CallSiteArray.java:48)
  org.codehaus.groovy.runtime.callsite.AbstractCallSite.call(AbstractCallSite.java:113)
  org.codehaus.groovy.runtime.callsite.AbstractCallSite.call(AbstractCallSite.java:141)
  io.restassured.internal.filter.FilterContextImpl.next(FilterContextImpl.groovy:72)
  io.restassured.filter.FilterContext$next.call(Unknown Source)
  org.codehaus.groovy.runtime.callsite.CallSiteArray.defaultCall(CallSiteArray.java:48)
  org.codehaus.groovy.runtime.callsite.AbstractCallSite.call(AbstractCallSite.java:113)
  org.codehaus.groovy.runtime.callsite.AbstractCallSite.call(AbstractCallSite.java:133)
  io.restassured.internal.RequestSpecificationImpl.applyPathParamsAndSendRequest(RequestSpecificationImpl.groovy:1731)
  sun.reflect.NativeMethodAccessorImpl.invoke0(Native Method)
  sun.reflect.NativeMethodAccessorImpl.invoke(NativeMethodAccessorImpl.java:62)
  sun.reflect.DelegatingMethodAccessorImpl.invoke(DelegatingMethodAccessorImpl.java:43)
  java.lang.reflect.Method.invoke(Method.java:497)
  org.codehaus.groovy.reflection.CachedMethod.invoke(CachedMethod.java:93)
  groovy.lang.MetaMethod.doMethodInvoke(MetaMethod.java:325)
  groovy.lang.MetaClassImpl.invokeMethod(MetaClassImpl.java:1210)
  groovy.lang.MetaClassImpl.invokeMethod(MetaClassImpl.java:1019)
  groovy.lang.MetaClassImpl.invokeMethod(MetaClassImpl.java:810)
  io.restassured.internal.RequestSpecificationImpl.invokeMethod(RequestSpecificationImpl.groovy)
  org.codehaus.groovy.runtime.callsite.PogoInterceptableSite.call(PogoInterceptableSite.java:48)
  org.codehaus.groovy.runtime.callsite.PogoInterceptableSite.callCurrent(PogoInterceptableSite.java:58)
  org.codehaus.groovy.runtime.callsite.CallSiteArray.defaultCallCurrent(CallSiteArray.java:52)
  org.codehaus.groovy.runtime.callsite.AbstractCallSite.callCurrent(AbstractCallSite.java:154)
  org.codehaus.groovy.runtime.callsite.AbstractCallSite.callCurrent(AbstractCallSite.java:182)
  io.restassured.internal.RequestSpecificationImpl.applyPathParamsAndSendRequest(RequestSpecificationImpl.groovy:1737)
  sun.reflect.NativeMethodAccessorImpl.invoke0(Native Method)
  sun.reflect.NativeMethodAccessorImpl.invoke(NativeMethodAccessorImpl.java:62)
  sun.reflect.DelegatingMethodAccessorImpl.invoke(DelegatingMethodAccessorImpl.java:43)
  java.lang.reflect.Method.invoke(Method.java:497)
  org.codehaus.groovy.reflection.CachedMethod.invoke(CachedMethod.java:93)
  groovy.lang.MetaMethod.doMethodInvoke(MetaMethod.java:325)
  groovy.lang.MetaClassImpl.invokeMethod(MetaClassImpl.java:1210)
  groovy.lang.MetaClassImpl.invokeMethod(MetaClassImpl.java:1019)
  groovy.lang.MetaClassImpl.invokeMethod(MetaClassImpl.java:810)
  io.restassured.internal.RequestSpecificationImpl.invokeMethod(RequestSpecificationImpl.groovy)
  org.codehaus.groovy.runtime.callsite.PogoInterceptableSite.call(PogoInterceptableSite.java:48)
  org.codehaus.groovy.runtime.callsite.PogoInterceptableSite.callCurrent(PogoInterceptableSite.java:58)
  org.codehaus.groovy.runtime.callsite.CallSiteArray.defaultCallCurrent(CallSiteArray.java:52)
  org.codehaus.groovy.runtime.callsite.AbstractCallSite.callCurrent(AbstractCallSite.java:154)
  org.codehaus.groovy.runtime.callsite.AbstractCallSite.callCurrent(AbstractCallSite.java:182)
  io.restassured.internal.RequestSpecificationImpl.get(RequestSpecificationImpl.groovy:170)
  io.restassured.internal.RequestSpecificationImpl.get(RequestSpecificationImpl.groovy)
  com.org.BasicAuthenticationValidation.BasicAutheticationByUserIDAndPassword.autheticationByUserIDAndPassword(BasicAutheticationByUserIDAndPassword.java:20)
  sun.reflect.NativeMethodAccessorImpl.invoke0(Native Method)
  sun.reflect.NativeMethodAccessorImpl.invoke(NativeMethodAccessorImpl.java:62)
  sun.reflect.DelegatingMethodAccessorImpl.invoke(DelegatingMethodAccessorImpl.java:43)
  java.lang.reflect.Method.invoke(Method.java:497)
  org.testng.internal.MethodInvocationHelper.invokeMethod(MethodInvocationHelper.java:124)
  org.testng.internal.Invoker.invokeMethod(Invoker.java:583)
  org.testng.internal.Invoker.invokeTestMethod(Invoker.java:719)
  org.testng.internal.Invoker.invokeTestMethods(Invoker.java:989)
  org.testng.internal.TestMethodWorker.invokeTestMethods(TestMethodWorker.java:125)
  org.testng.internal.TestMethodWorker.run(TestMethodWorker.java:109)
  org.testng.TestRunner.privateRun(TestRunner.java:648)
  org.testng.TestRunner.run(TestRunner.java:505)
  org.testng.SuiteRunner.runTest(SuiteRunner.java:455)
  org.testng.SuiteRunner.access$000(SuiteRunner.java:40)
  org.testng.SuiteRunner$SuiteWorker.run(SuiteRunner.java:489)
  org.testng.internal.thread.ThreadUtil$1.call(ThreadUtil.java:52)
  java.util.concurrent.FutureTask.run(FutureTask.java:266)
  java.util.concurrent.ThreadPoolExecutor.runWorker(ThreadPoolExecutor.java:1142)
  java.util.concurrent.ThreadPoolExecutor$Worker.run(ThreadPoolExecutor.java:617)
  java.lang.Thread.run(Thread.java:745)
]]>
      </failure>

          </testcase>
  
  
  
</testsuite>
