<?xml version="1.0" encoding="UTF-8"?>
<!-- Generated by org.testng.reporters.JUnitXMLReporter -->
<testsuite hostname="Saurabhs-MacBook-Pro.local" ignored="0" name="Default test" tests="3" failures="0" timestamp="21 Aug 2019 01:04:33 GMT" time="1.776" errors="0">
  <testcase name="getCommentsValidationForSpecificID" time="1.04" classname="com.org.ResponseStatusValidation.AllGetResponseStatusValidation"/>
  <testcase name="getPostsValidation" time="0.06" classname="com.org.ResponseStatusValidation.AllGetResponseStatusValidation"/>
  <testcase name="getPostsValidationForSpecificID" time="0.047" classname="com.org.ResponseStatusValidation.AllGetResponseStatusValidation"/>
</testsuite> <!-- Default test -->
